gyre [9.0]
----------

OpenMP Threads   : 8
Input filename   : gyre.in

Model Init
----------

Reading from MESA file
   File name spb.mesa
   File version 1.00
   Read 1814 points
   No need to add central point

Mode Search
-----------

Mode parameters
   l : 1
   m : 0

Building frequency grid (REAL axis)
   added scan interval :  0.5000E+00 ->  0.1500E+01 (100 points, INVERSE)

Building spatial grid
   Scaffold grid from model
   Split 0 subinterval(s) in iteration 1
   Final grid has 1 segment(s) and 1814 point(s):
      Segment 1 : x range 0.0000 -> 1.0000 (1 -> 1814)

Starting search (adiabatic)

Scanning frequencies
  Time elapsed :     0.032 s

Finding roots
  Time elapsed :      0.009 s

Processing modes
   id    l     m    n_pg    n_p    n_g       Re(omega)       Im(omega)        chi n_iter
    1    1     0      -9      0      9  0.50907836E+00  0.00000000E+00 0.4295E-14      7
    2    1     0      -8      0      8  0.58398491E+00  0.00000000E+00 0.1803E-13      6
    3    1     0      -7      0      7  0.66078111E+00  0.00000000E+00 0.9634E-14      6
    4    1     0      -6      0      6  0.73734087E+00  0.00000000E+00 0.3667E-13      7
    5    1     0      -5      0      5  0.89820448E+00  0.00000000E+00 0.1826E-13      6
    6    1     0      -4      0      4  0.11322842E+01  0.00000000E+00 0.6427E-14      6
    7    1     0      -3      0      3  0.13377876E+01  0.00000000E+00 0.9245E-14      6
  Time elapsed :      0.014 s

Mode Search
-----------

Mode parameters
   l : 2
   m : 0

Building frequency grid (REAL axis)
   added scan interval :  0.5000E+00 ->  0.1500E+01 (100 points, INVERSE)

Building spatial grid
   Scaffold grid from model
   Split 6 subinterval(s) in iteration 1
   Split 0 subinterval(s) in iteration 2
   Final grid has 1 segment(s) and 1820 point(s):
      Segment 1 : x range 0.0000 -> 1.0000 (1 -> 1820)

Starting search (adiabatic)

Scanning frequencies
  Time elapsed :     0.020 s

Finding roots
  Time elapsed :      0.017 s

Processing modes
   id    l     m    n_pg    n_p    n_g       Re(omega)       Im(omega)        chi n_iter
    8    2     0     -16      0     16  0.51863360E+00  0.00000000E+00 0.1254E-13      7
    9    2     0     -15      0     15  0.55636039E+00  0.00000000E+00 0.3510E-14      6
   10    2     0     -14      0     14  0.59457063E+00  0.00000000E+00 0.2580E-14      7
   11    2     0     -13      0     13  0.62301082E+00  0.00000000E+00 0.1192E-13      7
   12    2     0     -12      0     12  0.67563432E+00  0.00000000E+00 0.4547E-13      6
   13    2     0     -11      0     11  0.74334407E+00  0.00000000E+00 0.1632E-13      7
   14    2     0     -10      0     10  0.79690602E+00  0.00000000E+00 0.9191E-14      6
   15    2     0      -9      0      9  0.87152970E+00  0.00000000E+00 0.4465E-14      7
   16    2     0      -8      0      8  0.99746970E+00  0.00000000E+00 0.7826E-14      6
   17    2     0      -7      0      7  0.11297111E+01  0.00000000E+00 0.1046E-13      6
   18    2     0      -6      0      6  0.12531594E+01  0.00000000E+00 0.7024E-15      7
  Time elapsed :      0.018 s

