gyre [6.0]
----------

OpenMP Threads   : 4
Input filename   : gyre.in

Model Init
----------

Reading from MESA file
   File name spb.mesa
   File version 1.00
   Read 1814 points
   No need to add central point

Mode Search
-----------

Mode parameters
   l : 2
   m : 0

Building frequency scan
   added scan interval :  0.5000E+00 ->  0.1000E+01 (250 points, INVERSE)

Building x grid
   Refined 6 subinterval(s) in iteration 1
   Refined 0 subinterval(s) in iteration 2
   Final grid has 1 segment(s) and 1820 point(s):
      Segment 1 : x range 0.0000 -> 1.0000 (1 -> 1820)

Starting search (adiabatic)

Root bracketing
  Time elapsed :     2.001 s

Root Solving
   l    m    n_pg    n_p    n_g       Re(omega)       Im(omega)        chi n_iter
   2    0     -16      0     16  0.51863360E+00  0.00000000E+00 0.2146E-13      6
   2    0     -15      0     15  0.55636039E+00  0.00000000E+00 0.6402E-13      5
   2    0     -14      0     14  0.59457063E+00  0.00000000E+00 0.7281E-13      7
   2    0     -13      0     13  0.62301082E+00  0.00000000E+00 0.3057E-13      6
   2    0     -12      0     12  0.67563432E+00  0.00000000E+00 0.1162E-12      6
   2    0     -11      0     11  0.74334407E+00  0.00000000E+00 0.3407E-14      5
   2    0     -10      0     10  0.79690602E+00  0.00000000E+00 0.6071E-13      6
   2    0      -9      0      9  0.87152970E+00  0.00000000E+00 0.7861E-13      8
   2    0      -8      0      8  0.99746970E+00  0.00000000E+00 0.1223E-12      6
  Time elapsed :      0.595 s

